This is pdfTeX, Version 3.14159265-2.6-1.40.17 (TeX Live 2016/W32TeX) (preloaded format=pdflatex 2018.3.9)  11 MAY 2018 11:30
entering extended mode
 restricted \write18 enabled.
 %&-line parsing enabled.
**./main.tex
(./main.tex
LaTeX2e <2016/03/31>
Babel <3.9r> and hyphenation patterns for 83 language(s) loaded.
(./IEEEtran.cls
Document Class: IEEEtran 2015/08/26 V1.8b by Michael Shell
-- See the "IEEEtran_HOWTO" manual for usage information.
-- http://www.michaelshell.org/tex/ieeetran/
\@IEEEtrantmpdimenA=\dimen102
\@IEEEtrantmpdimenB=\dimen103
\@IEEEtrantmpdimenC=\dimen104
\@IEEEtrantmpcountA=\count79
\@IEEEtrantmpcountB=\count80
\@IEEEtrantmpcountC=\count81
\@IEEEtrantmptoksA=\toks14
LaTeX Font Info:    Try loading font information for OT1+ptm on input line 503.

(d:/Program Files/Tex/texlive/2016/texmf-dist/tex/latex/psnfss/ot1ptm.fd
File: ot1ptm.fd 2001/06/04 font definitions for OT1/ptm.
)
-- Using 8.5in x 11in (letter) paper.
-- Using PDF output.
\@IEEEnormalsizeunitybaselineskip=\dimen105
-- This is a 10 point document.
\CLASSINFOnormalsizebaselineskip=\dimen106
\CLASSINFOnormalsizeunitybaselineskip=\dimen107
\IEEEnormaljot=\dimen108
LaTeX Font Info:    Font shape `OT1/ptm/bx/n' in size <5> not available
(Font)              Font shape `OT1/ptm/b/n' tried instead on input line 1090.
LaTeX Font Info:    Font shape `OT1/ptm/bx/it' in size <5> not available
(Font)              Font shape `OT1/ptm/b/it' tried instead on input line 1090.

LaTeX Font Info:    Font shape `OT1/ptm/bx/n' in size <7> not available
(Font)              Font shape `OT1/ptm/b/n' tried instead on input line 1090.
LaTeX Font Info:    Font shape `OT1/ptm/bx/it' in size <7> not available
(Font)              Font shape `OT1/ptm/b/it' tried instead on input line 1090.

LaTeX Font Info:    Font shape `OT1/ptm/bx/n' in size <8> not available
(Font)              Font shape `OT1/ptm/b/n' tried instead on input line 1090.
LaTeX Font Info:    Font shape `OT1/ptm/bx/it' in size <8> not available
(Font)              Font shape `OT1/ptm/b/it' tried instead on input line 1090.

LaTeX Font Info:    Font shape `OT1/ptm/bx/n' in size <9> not available
(Font)              Font shape `OT1/ptm/b/n' tried instead on input line 1090.
LaTeX Font Info:    Font shape `OT1/ptm/bx/it' in size <9> not available
(Font)              Font shape `OT1/ptm/b/it' tried instead on input line 1090.

LaTeX Font Info:    Font shape `OT1/ptm/bx/n' in size <10> not available
(Font)              Font shape `OT1/ptm/b/n' tried instead on input line 1090.
LaTeX Font Info:    Font shape `OT1/ptm/bx/it' in size <10> not available
(Font)              Font shape `OT1/ptm/b/it' tried instead on input line 1090.

LaTeX Font Info:    Font shape `OT1/ptm/bx/n' in size <11> not available
(Font)              Font shape `OT1/ptm/b/n' tried instead on input line 1090.
LaTeX Font Info:    Font shape `OT1/ptm/bx/it' in size <11> not available
(Font)              Font shape `OT1/ptm/b/it' tried instead on input line 1090.

LaTeX Font Info:    Font shape `OT1/ptm/bx/n' in size <12> not available
(Font)              Font shape `OT1/ptm/b/n' tried instead on input line 1090.
LaTeX Font Info:    Font shape `OT1/ptm/bx/it' in size <12> not available
(Font)              Font shape `OT1/ptm/b/it' tried instead on input line 1090.

LaTeX Font Info:    Font shape `OT1/ptm/bx/n' in size <17> not available
(Font)              Font shape `OT1/ptm/b/n' tried instead on input line 1090.
LaTeX Font Info:    Font shape `OT1/ptm/bx/it' in size <17> not available
(Font)              Font shape `OT1/ptm/b/it' tried instead on input line 1090.

LaTeX Font Info:    Font shape `OT1/ptm/bx/n' in size <20> not available
(Font)              Font shape `OT1/ptm/b/n' tried instead on input line 1090.
LaTeX Font Info:    Font shape `OT1/ptm/bx/it' in size <20> not available
(Font)              Font shape `OT1/ptm/b/it' tried instead on input line 1090.

LaTeX Font Info:    Font shape `OT1/ptm/bx/n' in size <24> not available
(Font)              Font shape `OT1/ptm/b/n' tried instead on input line 1090.
LaTeX Font Info:    Font shape `OT1/ptm/bx/it' in size <24> not available
(Font)              Font shape `OT1/ptm/b/it' tried instead on input line 1090.

\IEEEquantizedlength=\dimen109
\IEEEquantizedlengthdiff=\dimen110
\IEEEquantizedtextheightdiff=\dimen111
\IEEEilabelindentA=\dimen112
\IEEEilabelindentB=\dimen113
\IEEEilabelindent=\dimen114
\IEEEelabelindent=\dimen115
\IEEEdlabelindent=\dimen116
\IEEElabelindent=\dimen117
\IEEEiednormlabelsep=\dimen118
\IEEEiedmathlabelsep=\dimen119
\IEEEiedtopsep=\skip41
\c@section=\count82
\c@subsection=\count83
\c@subsubsection=\count84
\c@paragraph=\count85
\c@IEEEsubequation=\count86
\abovecaptionskip=\skip42
\belowcaptionskip=\skip43
\c@figure=\count87
\c@table=\count88
\@IEEEeqnnumcols=\count89
\@IEEEeqncolcnt=\count90
\@IEEEsubeqnnumrollback=\count91
\@IEEEquantizeheightA=\dimen120
\@IEEEquantizeheightB=\dimen121
\@IEEEquantizeheightC=\dimen122
\@IEEEquantizeprevdepth=\dimen123
\@IEEEquantizemultiple=\count92
\@IEEEquantizeboxA=\box26
\@IEEEtmpitemindent=\dimen124
\IEEEPARstartletwidth=\dimen125
\c@IEEEbiography=\count93
\@IEEEtranrubishbin=\box27
) (./packages_and_commands.tex
(d:/Program Files/Tex/texlive/2016/texmf-dist/tex/latex/blindtext/blindtext.sty
Package: blindtext 2012/01/06 V2.0 blindtext-Package
(d:/Program Files/Tex/texlive/2016/texmf-dist/tex/latex/tools/xspace.sty
Package: xspace 2014/10/28 v1.13 Space after command names (DPC,MH)
)
\c@blindtext=\count94
\c@Blindtext=\count95
\c@blind@countparstart=\count96
\blind@countxx=\count97
\blindtext@numBlindtext=\count98
\blind@countyy=\count99
\c@blindlist=\count100
\c@blindlistlevel=\count101
\c@blindlist@level=\count102
\blind@listitem=\count103
\c@blind@listcount=\count104
\c@blind@levelcount=\count105
\blind@mathformula=\count106
\blind@Mathformula=\count107
\c@blind@randomcount=\count108
\c@blind@randommax=\count109
\c@blind@pangramcount=\count110
\c@blind@pangrammax=\count111
)
(d:/Program Files/Tex/texlive/2016/texmf-dist/tex/latex/tools/verbatim.sty
Package: verbatim 2014/10/28 v1.5q LaTeX2e package for verbatim enhancements
\every@verbatim=\toks15
\verbatim@line=\toks16
\verbatim@in@stream=\read1
)
(d:/Program Files/Tex/texlive/2016/texmf-dist/tex/latex/framed/framed.sty
Package: framed 2011/10/22 v 0.96: framed or shaded text with page breaks
\OuterFrameSep=\skip44
\fb@frw=\dimen126
\fb@frh=\dimen127
\FrameRule=\dimen128
\FrameSep=\dimen129
)
(d:/Program Files/Tex/texlive/2016/texmf-dist/tex/latex/amscls/amsthm.sty
Package: amsthm 2015/03/04 v2.20.2
\thm@style=\toks17
\thm@bodyfont=\toks18
\thm@headfont=\toks19
\thm@notefont=\toks20
\thm@headpunct=\toks21
\thm@preskip=\skip45
\thm@postskip=\skip46
\thm@headsep=\skip47
\dth@everypar=\toks22
)
(d:/Program Files/Tex/texlive/2016/texmf-dist/tex/latex/float/float.sty
Package: float 2001/11/08 v1.3d Float enhancements (AL)
\c@float@type=\count112
\float@exts=\toks23
\float@box=\box28
\@float@everytoks=\toks24
\@floatcapt=\box29
)
(d:/Program Files/Tex/texlive/2016/texmf-dist/tex/latex/wrapfig/wrapfig.sty
\wrapoverhang=\dimen130
\WF@size=\dimen131
\c@WF@wrappedlines=\count113
\WF@box=\box30
\WF@everypar=\toks25
Package: wrapfig 2003/01/31  v 3.6
)
(d:/Program Files/Tex/texlive/2016/texmf-dist/tex/latex/eqparbox/eqparbox.sty
Package: eqparbox 2013/03/15 v4.0 Create equal-widthed boxes
\eqp@tempdima=\skip48
\eqp@tempdimb=\skip49

(d:/Program Files/Tex/texlive/2016/texmf-dist/tex/latex/tools/array.sty
Package: array 2014/10/28 v2.4c Tabular extension package (FMi)
\col@sep=\dimen132
\extrarowheight=\dimen133
\NC@list=\toks26
\extratabsurround=\skip50
\backup@length=\skip51
)
\eqp@tabular@box=\box31
\eqp@list@box=\box32
\eqp@list@indent=\skip52

(d:/Program Files/Tex/texlive/2016/texmf-dist/tex/latex/environ/environ.sty
Package: environ 2014/05/04 v0.3 A new way to define environments

(d:/Program Files/Tex/texlive/2016/texmf-dist/tex/latex/trimspaces/trimspaces.s
ty
Package: trimspaces 2009/09/17 v1.1 Trim spaces around a token list
)
\@envbody=\toks27
))
(d:/Program Files/Tex/texlive/2016/texmf-dist/tex/latex/booktabs/booktabs.sty
Package: booktabs 2016/04/27 v1.618033 publication quality tables
\heavyrulewidth=\dimen134
\lightrulewidth=\dimen135
\cmidrulewidth=\dimen136
\belowrulesep=\dimen137
\belowbottomsep=\dimen138
\aboverulesep=\dimen139
\abovetopsep=\dimen140
\cmidrulesep=\dimen141
\cmidrulekern=\dimen142
\defaultaddspace=\dimen143
\@cmidla=\count114
\@cmidlb=\count115
\@aboverulesep=\dimen144
\@belowrulesep=\dimen145
\@thisruleclass=\count116
\@lastruleclass=\count117
\@thisrulewidth=\dimen146
)
(d:/Program Files/Tex/texlive/2016/texmf-dist/tex/latex/stmaryrd/stmaryrd.sty
Package: stmaryrd 1994/03/03 St Mary's Road symbol package
\symstmry=\mathgroup4
LaTeX Font Info:    Overwriting symbol font `stmry' in version `bold'
(Font)                  U/stmry/m/n --> U/stmry/b/n on input line 89.
)
(d:/Program Files/Tex/texlive/2016/texmf-dist/tex/latex/amsfonts/amssymb.sty
Package: amssymb 2013/01/14 v3.01 AMS font symbols

(d:/Program Files/Tex/texlive/2016/texmf-dist/tex/latex/amsfonts/amsfonts.sty
Package: amsfonts 2013/01/14 v3.01 Basic AMSFonts support
\@emptytoks=\toks28
\symAMSa=\mathgroup5
\symAMSb=\mathgroup6
LaTeX Font Info:    Overwriting math alphabet `\mathfrak' in version `bold'
(Font)                  U/euf/m/n --> U/euf/b/n on input line 106.
)
LaTeX Font Info:    Redeclaring math symbol \boxdot on input line 44.
) (d:/Program Files/Tex/texlive/2016/texmf-dist/tex/latex/jknapltx/mathrsfs.sty
Package: mathrsfs 1996/01/01 Math RSFS package v1.0 (jk)
\symrsfs=\mathgroup7
) (d:/Program Files/Tex/texlive/2016/texmf-dist/tex/latex/graphics/epsfig.sty
Package: epsfig 1999/02/16 v1.7a (e)psfig emulation (SPQR)

(d:/Program Files/Tex/texlive/2016/texmf-dist/tex/latex/graphics/graphicx.sty
Package: graphicx 2014/10/28 v1.0g Enhanced LaTeX Graphics (DPC,SPQR)

(d:/Program Files/Tex/texlive/2016/texmf-dist/tex/latex/graphics/keyval.sty
Package: keyval 2014/10/28 v1.15 key=value parser (DPC)
\KV@toks@=\toks29
)
(d:/Program Files/Tex/texlive/2016/texmf-dist/tex/latex/graphics/graphics.sty
Package: graphics 2016/05/09 v1.0r Standard LaTeX Graphics (DPC,SPQR)

(d:/Program Files/Tex/texlive/2016/texmf-dist/tex/latex/graphics/trig.sty
Package: trig 2016/01/03 v1.10 sin cos tan (DPC)
)
(d:/Program Files/Tex/texlive/2016/texmf-dist/tex/latex/graphics-cfg/graphics.c
fg
File: graphics.cfg 2016/01/02 v1.10 sample graphics configuration
)
Package graphics Info: Driver file: pdftex.def on input line 96.

(d:/Program Files/Tex/texlive/2016/texmf-dist/tex/latex/pdftex-def/pdftex.def
File: pdftex.def 2011/05/27 v0.06d Graphics/color for pdfTeX

(d:/Program Files/Tex/texlive/2016/texmf-dist/tex/generic/oberdiek/infwarerr.st
y
Package: infwarerr 2016/05/16 v1.4 Providing info/warning/error messages (HO)
)
(d:/Program Files/Tex/texlive/2016/texmf-dist/tex/generic/oberdiek/ltxcmds.sty
Package: ltxcmds 2016/05/16 v1.23 LaTeX kernel commands for general use (HO)
)
\Gread@gobject=\count118
))
\Gin@req@height=\dimen147
\Gin@req@width=\dimen148
)
\epsfxsize=\dimen149
\epsfysize=\dimen150
)
(d:/Program Files/Tex/texlive/2016/texmf-dist/tex/latex/amsmath/amsmath.sty
Package: amsmath 2016/03/10 v2.15b AMS math features
\@mathmargin=\skip53

For additional information on amsmath, use the `?' option.
(d:/Program Files/Tex/texlive/2016/texmf-dist/tex/latex/amsmath/amstext.sty
Package: amstext 2000/06/29 v2.01 AMS text

(d:/Program Files/Tex/texlive/2016/texmf-dist/tex/latex/amsmath/amsgen.sty
File: amsgen.sty 1999/11/30 v2.0 generic functions
\@emptytoks=\toks30
\ex@=\dimen151
))
(d:/Program Files/Tex/texlive/2016/texmf-dist/tex/latex/amsmath/amsbsy.sty
Package: amsbsy 1999/11/29 v1.2d Bold Symbols
\pmbraise@=\dimen152
)
(d:/Program Files/Tex/texlive/2016/texmf-dist/tex/latex/amsmath/amsopn.sty
Package: amsopn 2016/03/08 v2.02 operator names
)
\inf@bad=\count119
LaTeX Info: Redefining \frac on input line 199.
\uproot@=\count120
\leftroot@=\count121
LaTeX Info: Redefining \overline on input line 297.
\classnum@=\count122
\DOTSCASE@=\count123
LaTeX Info: Redefining \ldots on input line 394.
LaTeX Info: Redefining \dots on input line 397.
LaTeX Info: Redefining \cdots on input line 518.
\Mathstrutbox@=\box33
\strutbox@=\box34
\big@size=\dimen153
LaTeX Font Info:    Redeclaring font encoding OML on input line 634.
LaTeX Font Info:    Redeclaring font encoding OMS on input line 635.
\macc@depth=\count124
\c@MaxMatrixCols=\count125
\dotsspace@=\muskip10
\c@parentequation=\count126
\dspbrk@lvl=\count127
\tag@help=\toks31
\row@=\count128
\column@=\count129
\maxfields@=\count130
\andhelp@=\toks32
\eqnshift@=\dimen154
\alignsep@=\dimen155
\tagshift@=\dimen156
\tagwidth@=\dimen157
\totwidth@=\dimen158
\lineht@=\dimen159
\@envbody=\toks33
\multlinegap=\skip54
\multlinetaggap=\skip55
\mathdisplay@stack=\toks34
LaTeX Info: Redefining \[ on input line 2739.
LaTeX Info: Redefining \] on input line 2740.
)
(d:/Program Files/Tex/texlive/2016/texmf-dist/tex/latex/wasysym/wasysym.sty
Package: wasysym 2003/10/30 v2.0 Wasy-2 symbol support package
\symwasy=\mathgroup8
LaTeX Font Info:    Overwriting symbol font `wasy' in version `bold'
(Font)                  U/wasy/m/n --> U/wasy/b/n on input line 90.
)
(d:/Program Files/Tex/texlive/2016/texmf-dist/tex/latex/tools/tabularx.sty
Package: tabularx 2016/02/03 v2.11 `tabularx' package (DPC)
\TX@col@width=\dimen160
\TX@old@table=\dimen161
\TX@old@col=\dimen162
\TX@target=\dimen163
\TX@delta=\dimen164
\TX@cols=\count131
\TX@ftn=\toks35
)
(d:/Program Files/Tex/texlive/2016/texmf-dist/tex/latex/url/url.sty
\Urlmuskip=\muskip11
Package: url 2013/09/16  ver 3.4  Verb mode for urls, etc.
)
(d:/Program Files/Tex/texlive/2016/texmf-dist/tex/latex/tools/multicol.sty
Package: multicol 2016/04/07 v1.8p multicolumn formatting (FMi)
\c@tracingmulticols=\count132
\mult@box=\box35
\multicol@leftmargin=\dimen165
\c@unbalance=\count133
\c@collectmore=\count134
\doublecol@number=\count135
\multicoltolerance=\count136
\multicolpretolerance=\count137
\full@width=\dimen166
\page@free=\dimen167
\premulticols=\dimen168
\postmulticols=\dimen169
\multicolsep=\skip56
\multicolbaselineskip=\skip57
\partial@page=\box36
\last@line=\box37
\maxbalancingoverflow=\dimen170
\mult@rightbox=\box38
\mult@grightbox=\box39
\mult@gfirstbox=\box40
\mult@firstbox=\box41
\@tempa=\box42
\@tempa=\box43
\@tempa=\box44
\@tempa=\box45
\@tempa=\box46
\@tempa=\box47
\@tempa=\box48
\@tempa=\box49
\@tempa=\box50
\@tempa=\box51
\@tempa=\box52
\@tempa=\box53
\@tempa=\box54
\@tempa=\box55
\@tempa=\box56
\@tempa=\box57
\@tempa=\box58
\c@columnbadness=\count138
\c@finalcolumnbadness=\count139
\last@try=\dimen171
\multicolovershoot=\dimen172
\multicolundershoot=\dimen173
\mult@nat@firstbox=\box59
\colbreak@box=\box60
\mc@col@check@num=\count140
)
(d:/Program Files/Tex/texlive/2016/texmf-dist/tex/latex/oberdiek/pdflscape.sty
Package: pdflscape 2016/05/14 v0.11 Display of landscape pages in PDF (HO)

(d:/Program Files/Tex/texlive/2016/texmf-dist/tex/latex/graphics/lscape.sty
Package: lscape 2000/10/22 v3.01 Landscape Pages (DPC)
)
(d:/Program Files/Tex/texlive/2016/texmf-dist/tex/generic/oberdiek/ifpdf.sty
Package: ifpdf 2016/05/14 v3.1 Provides the ifpdf switch
)
Package pdflscape Info: Auto-detected driver: pdftex on input line 81.

(d:/Program Files/Tex/texlive/2016/texmf-dist/tex/generic/ifxetex/ifxetex.sty
Package: ifxetex 2010/09/12 v0.6 Provides ifxetex conditional
))
(d:/Program Files/Tex/texlive/2016/texmf-dist/tex/latex/algorithmicx/algorithmi
cx.sty
Package: algorithmicx 2005/04/27 v1.2 Algorithmicx
 (d:/Program Files/Tex/texlive/2016/texmf-dist/tex/latex/base/ifthen.sty
Package: ifthen 2014/09/29 v1.1c Standard LaTeX ifthen package (DPC)
)
Document Style algorithmicx 1.2 - a greatly improved `algorithmic' style
\c@ALG@line=\count141
\c@ALG@rem=\count142
\c@ALG@nested=\count143
\ALG@tlm=\skip58
\ALG@thistlm=\skip59
\c@ALG@Lnr=\count144
\c@ALG@blocknr=\count145
\c@ALG@storecount=\count146
\c@ALG@tmpcounter=\count147
\ALG@tmplength=\skip60
)
(d:/Program Files/Tex/texlive/2016/texmf-dist/tex/latex/algorithm2e/algorithm2e
.sty
Package: algorithm2e 2013/01/06 v5.00 algorithms environments
\c@AlgoLine=\count148
\algocf@hangindent=\skip61

(d:/Program Files/Tex/texlive/2016/texmf-dist/tex/latex/relsize/relsize.sty
Package: relsize 2013/03/29 ver 4.1
)
********************************************************
Package `algorithm2e' Release 5.1 -- october 19 2015 --
- algorithm2e-announce@lirmm.fr mailing list for announcement about releases
- algorithm2e-discussion@lirmm.fr mailing list for discussion about package
subscribe by emailing sympa@lirmm.fr with 'subscribe <list> <firstname name>'
- Author: Christophe Fiorio (christophe.fiorio@umontpellier.fr)
********************************************************
\skiptotal=\skip62
\skiplinenumber=\skip63
\skiprule=\skip64
\skiphlne=\skip65
\skiptext=\skip66
\skiplength=\skip67
\algomargin=\skip68
\skipalgocfslide=\skip69
\algowidth=\dimen174
\inoutsize=\dimen175
\inoutindent=\dimen176
\interspacetitleruled=\dimen177
\interspacealgoruled=\dimen178
\interspacetitleboxruled=\dimen179
\algocf@ruledwidth=\skip70
\algocf@inoutbox=\box61
\algocf@inputbox=\box62
\AlCapSkip=\skip71
\AlCapHSkip=\skip72
\algoskipindent=\skip73
\algocf@nlbox=\box63
\algocf@hangingbox=\box64
\algocf@untilbox=\box65
\algocf@skipuntil=\skip74
\algocf@capbox=\box66
\algoheightruledefault=\skip75
\algoheightrule=\skip76
\algotitleheightruledefault=\skip77
\algotitleheightrule=\skip78
\c@algocfline=\count149
\c@algocfproc=\count150
\c@algocf=\count151
\algocf@algoframe=\box67
\algocf@algobox=\box68
)
(d:/Program Files/Tex/texlive/2016/texmf-dist/tex/latex/algorithmicx/algpseudoc
ode.sty
Package: algpseudocode 

Document Style - pseudocode environments for use with the `algorithmicx' style
) (d:/Program Files/Tex/texlive/2016/texmf-dist/tex/latex/multirow/multirow.sty
\bigstrutjot=\dimen180
)
(d:/Program Files/Tex/texlive/2016/texmf-dist/tex/latex/extarrows/extarrows.sty
Package: extarrows 2008/05/15 v1.0b Some extensible arrows
) (d:/Program Files/Tex/texlive/2016/texmf-dist/tex/latex/xcolor/xcolor.sty
Package: xcolor 2016/05/11 v2.12 LaTeX color extensions (UK)

(d:/Program Files/Tex/texlive/2016/texmf-dist/tex/latex/graphics-cfg/color.cfg
File: color.cfg 2016/01/02 v1.6 sample color configuration
)
Package xcolor Info: Driver file: pdftex.def on input line 225.
Package xcolor Info: Model `cmy' substituted by `cmy0' on input line 1348.
Package xcolor Info: Model `hsb' substituted by `rgb' on input line 1352.
Package xcolor Info: Model `RGB' extended on input line 1364.
Package xcolor Info: Model `HTML' substituted by `rgb' on input line 1366.
Package xcolor Info: Model `Hsb' substituted by `hsb' on input line 1367.
Package xcolor Info: Model `tHsb' substituted by `hsb' on input line 1368.
Package xcolor Info: Model `HSB' substituted by `hsb' on input line 1369.
Package xcolor Info: Model `Gray' substituted by `gray' on input line 1370.
Package xcolor Info: Model `wave' substituted by `hsb' on input line 1371.
) (d:/Program Files/Tex/texlive/2016/texmf-dist/tex/latex/listings/listings.sty
\lst@mode=\count152
\lst@gtempboxa=\box69
\lst@token=\toks36
\lst@length=\count153
\lst@currlwidth=\dimen181
\lst@column=\count154
\lst@pos=\count155
\lst@lostspace=\dimen182
\lst@width=\dimen183
\lst@newlines=\count156
\lst@lineno=\count157
\lst@maxwidth=\dimen184
(d:/Program Files/Tex/texlive/2016/texmf-dist/tex/latex/listings/lstmisc.sty
File: lstmisc.sty 2015/06/04 1.6 (Carsten Heinz)
\c@lstnumber=\count158
\lst@skipnumbers=\count159
\lst@framebox=\box70
)
(d:/Program Files/Tex/texlive/2016/texmf-dist/tex/latex/listings/listings.cfg
File: listings.cfg 2015/06/04 1.6 listings configuration
))
Package: listings 2015/06/04 1.6 (Carsten Heinz)
(d:/Program Files/Tex/texlive/2016/texmf-dist/tex/latex/oberdiek/epstopdf.sty
Package: epstopdf 2016/05/15 v2.6 Conversion with epstopdf on the fly (HO)

(d:/Program Files/Tex/texlive/2016/texmf-dist/tex/latex/oberdiek/epstopdf-base.
sty
Package: epstopdf-base 2016/05/15 v2.6 Base part for package epstopdf
 (d:/Program Files/Tex/texlive/2016/texmf-dist/tex/latex/oberdiek/grfext.sty
Package: grfext 2016/05/16 v1.2 Manage graphics extensions (HO)

(d:/Program Files/Tex/texlive/2016/texmf-dist/tex/generic/oberdiek/kvdefinekeys
.sty
Package: kvdefinekeys 2016/05/16 v1.4 Define keys (HO)
))
(d:/Program Files/Tex/texlive/2016/texmf-dist/tex/latex/oberdiek/kvoptions.sty
Package: kvoptions 2016/05/16 v3.12 Key value format for package options (HO)

(d:/Program Files/Tex/texlive/2016/texmf-dist/tex/generic/oberdiek/kvsetkeys.st
y
Package: kvsetkeys 2016/05/16 v1.17 Key value parser (HO)

(d:/Program Files/Tex/texlive/2016/texmf-dist/tex/generic/oberdiek/etexcmds.sty
Package: etexcmds 2016/05/16 v1.6 Avoid name clashes with e-TeX commands (HO)

(d:/Program Files/Tex/texlive/2016/texmf-dist/tex/generic/oberdiek/ifluatex.sty
Package: ifluatex 2016/05/16 v1.4 Provides the ifluatex switch (HO)
Package ifluatex Info: LuaTeX not detected.
)
Package etexcmds Info: Could not find \expanded.
(etexcmds)             That can mean that you are not using pdfTeX 1.50 or
(etexcmds)             that some package has redefined \expanded.
(etexcmds)             In the latter case, load this package earlier.
)))
(d:/Program Files/Tex/texlive/2016/texmf-dist/tex/generic/oberdiek/pdftexcmds.s
ty
Package: pdftexcmds 2016/05/10 v0.21 Utility functions of pdfTeX for LuaTeX (HO
)
Package pdftexcmds Info: LuaTeX not detected.
Package pdftexcmds Info: \pdf@primitive is available.
Package pdftexcmds Info: \pdf@ifprimitive is available.
Package pdftexcmds Info: \pdfdraftmode found.
)
Package grfext Info: Graphics extension search list:
(grfext)             [.png,.pdf,.jpg,.mps,.jpeg,.jbig2,.jb2,.PNG,.PDF,.JPG,.JPE
G,.JBIG2,.JB2,.eps]
(grfext)             \AppendGraphicsExtensions on input line 456.

(d:/Program Files/Tex/texlive/2016/texmf-dist/tex/latex/latexconfig/epstopdf-sy
s.cfg
File: epstopdf-sys.cfg 2010/07/13 v1.3 Configuration of (r)epstopdf for TeX Liv
e
)))
(d:/Program Files/Tex/texlive/2016/texmf-dist/tex/latex/hyperref/hyperref.sty
Package: hyperref 2016/05/05 v6.83n Hypertext links for LaTeX

(d:/Program Files/Tex/texlive/2016/texmf-dist/tex/generic/oberdiek/hobsub-hyper
ref.sty
Package: hobsub-hyperref 2016/05/16 v1.14 Bundle oberdiek, subset hyperref (HO)


(d:/Program Files/Tex/texlive/2016/texmf-dist/tex/generic/oberdiek/hobsub-gener
ic.sty
Package: hobsub-generic 2016/05/16 v1.14 Bundle oberdiek, subset generic (HO)
Package: hobsub 2016/05/16 v1.14 Construct package bundles (HO)
Package hobsub Info: Skipping package `infwarerr' (already loaded).
Package hobsub Info: Skipping package `ltxcmds' (already loaded).
Package hobsub Info: Skipping package `ifluatex' (already loaded).
Package: ifvtex 2016/05/16 v1.6 Detect VTeX and its facilities (HO)
Package ifvtex Info: VTeX not detected.
Package: intcalc 2016/05/16 v1.2 Expandable calculations with integers (HO)
Package hobsub Info: Skipping package `ifpdf' (already loaded).
Package hobsub Info: Skipping package `etexcmds' (already loaded).
Package hobsub Info: Skipping package `kvsetkeys' (already loaded).
Package hobsub Info: Skipping package `kvdefinekeys' (already loaded).
Package hobsub Info: Skipping package `pdftexcmds' (already loaded).
Package: pdfescape 2016/05/16 v1.14 Implements pdfTeX's escape features (HO)
Package: bigintcalc 2016/05/16 v1.4 Expandable calculations on big integers (HO
)
Package: bitset 2016/05/16 v1.2 Handle bit-vector datatype (HO)
Package: uniquecounter 2016/05/16 v1.3 Provide unlimited unique counter (HO)
)
Package hobsub Info: Skipping package `hobsub' (already loaded).
Package: letltxmacro 2016/05/16 v1.5 Let assignment for LaTeX macros (HO)
Package: hopatch 2016/05/16 v1.3 Wrapper for package hooks (HO)
Package: xcolor-patch 2016/05/16 xcolor patch
Package: atveryend 2016/05/16 v1.9 Hooks at the very end of document (HO)
Package atveryend Info: \enddocument detected (standard20110627).
Package: atbegshi 2016/05/16 v1.17 At begin shipout hook (HO)
Package: refcount 2016/05/16 v3.5 Data extraction from label references (HO)
Package: hycolor 2016/05/16 v1.8 Color options for hyperref/bookmark (HO)
)
(d:/Program Files/Tex/texlive/2016/texmf-dist/tex/latex/oberdiek/auxhook.sty
Package: auxhook 2016/05/16 v1.4 Hooks for auxiliary files (HO)
)
\@linkdim=\dimen185
\Hy@linkcounter=\count160
\Hy@pagecounter=\count161

(d:/Program Files/Tex/texlive/2016/texmf-dist/tex/latex/hyperref/pd1enc.def
File: pd1enc.def 2016/05/05 v6.83n Hyperref: PDFDocEncoding definition (HO)
)
\Hy@SavedSpaceFactor=\count162

(d:/Program Files/Tex/texlive/2016/texmf-dist/tex/latex/latexconfig/hyperref.cf
g
File: hyperref.cfg 2002/06/06 v1.2 hyperref configuration of TeXLive
)
Package hyperref Info: Option `colorlinks' set `true' on input line 4322.
Package hyperref Info: Option `bookmarks' set `true' on input line 4322.
Package hyperref Info: Hyper figures OFF on input line 4446.
Package hyperref Info: Link nesting OFF on input line 4451.
Package hyperref Info: Hyper index ON on input line 4454.
Package hyperref Info: Plain pages OFF on input line 4461.
Package hyperref Info: Backreferencing OFF on input line 4466.
Package hyperref Info: Implicit mode ON; LaTeX internals redefined.
Package hyperref Info: Bookmarks ON on input line 4691.
\c@Hy@tempcnt=\count163
LaTeX Info: Redefining \url on input line 5044.
\XeTeXLinkMargin=\dimen186
\Fld@menulength=\count164
\Field@Width=\dimen187
\Fld@charsize=\dimen188
Package hyperref Info: Hyper figures OFF on input line 6298.
Package hyperref Info: Link nesting OFF on input line 6303.
Package hyperref Info: Hyper index ON on input line 6306.
Package hyperref Info: backreferencing OFF on input line 6313.
Package hyperref Info: Link coloring ON on input line 6316.
Package hyperref Info: Link coloring with OCG OFF on input line 6323.
Package hyperref Info: PDF/A mode OFF on input line 6328.
LaTeX Info: Redefining \ref on input line 6368.
LaTeX Info: Redefining \pageref on input line 6372.
\Hy@abspage=\count165
\c@Item=\count166
\c@Hfootnote=\count167
)

Package hyperref Message: Driver (autodetected): hpdftex.

(d:/Program Files/Tex/texlive/2016/texmf-dist/tex/latex/hyperref/hpdftex.def
File: hpdftex.def 2016/05/05 v6.83n Hyperref driver for pdfTeX
\Fld@listcount=\count168
\c@bookmark@seq@number=\count169

(d:/Program Files/Tex/texlive/2016/texmf-dist/tex/latex/oberdiek/rerunfilecheck
.sty
Package: rerunfilecheck 2016/05/16 v1.8 Rerun checks for auxiliary files (HO)
Package uniquecounter Info: New unique counter `rerunfilecheck' on input line 2
82.
)
\Hy@SectionHShift=\skip79
)
\c@thm=\count170
\c@definition=\count171
) (./main.aux)
\openout1 = `main.aux'.

LaTeX Font Info:    Checking defaults for OML/cmm/m/it on input line 317.
LaTeX Font Info:    ... okay on input line 317.
LaTeX Font Info:    Checking defaults for T1/cmr/m/n on input line 317.
LaTeX Font Info:    ... okay on input line 317.
LaTeX Font Info:    Checking defaults for OT1/cmr/m/n on input line 317.
LaTeX Font Info:    ... okay on input line 317.
LaTeX Font Info:    Checking defaults for OMS/cmsy/m/n on input line 317.
LaTeX Font Info:    ... okay on input line 317.
LaTeX Font Info:    Checking defaults for OMX/cmex/m/n on input line 317.
LaTeX Font Info:    ... okay on input line 317.
LaTeX Font Info:    Checking defaults for U/cmr/m/n on input line 317.
LaTeX Font Info:    ... okay on input line 317.
LaTeX Font Info:    Checking defaults for PD1/pdf/m/n on input line 317.
LaTeX Font Info:    ... okay on input line 317.

-- Lines per column: 56 (exact).

(d:/Program Files/Tex/texlive/2016/texmf-dist/tex/context/base/mkii/supp-pdf.mk
ii
[Loading MPS to PDF converter (version 2006.09.02).]
\scratchcounter=\count172
\scratchdimen=\dimen189
\scratchbox=\box71
\nofMPsegments=\count173
\nofMParguments=\count174
\everyMPshowfont=\toks37
\MPscratchCnt=\count175
\MPscratchDim=\dimen190
\MPnumerator=\count176
\makeMPintoPDFobject=\count177
\everyMPtoPDFconversion=\toks38
)
\c@lstlisting=\count178
\AtBeginShipoutBox=\box72
Package hyperref Info: Link coloring ON on input line 317.
 (d:/Program Files/Tex/texlive/2016/texmf-dist/tex/latex/hyperref/nameref.sty
Package: nameref 2012/10/27 v2.43 Cross-referencing by name of section

(d:/Program Files/Tex/texlive/2016/texmf-dist/tex/generic/oberdiek/gettitlestri
ng.sty
Package: gettitlestring 2016/05/16 v1.5 Cleanup title references (HO)
)
\c@section@level=\count179
)
LaTeX Info: Redefining \ref on input line 317.
LaTeX Info: Redefining \pageref on input line 317.
LaTeX Info: Redefining \nameref on input line 317.
 (./main.out) (./main.out)
\@outlinefile=\write3
\openout3 = `main.out'.

 (./authors.tex)
LaTeX Font Info:    Calculating math sizes for size <11> on input line 334.
LaTeX Font Info:    Try loading font information for U+stmry on input line 334.


(d:/Program Files/Tex/texlive/2016/texmf-dist/tex/latex/stmaryrd/ustmry.fd)
LaTeX Font Info:    Try loading font information for U+msa on input line 334.

(d:/Program Files/Tex/texlive/2016/texmf-dist/tex/latex/amsfonts/umsa.fd
File: umsa.fd 2013/01/14 v3.01 AMS symbols A
)
LaTeX Font Info:    Try loading font information for U+msb on input line 334.

(d:/Program Files/Tex/texlive/2016/texmf-dist/tex/latex/amsfonts/umsb.fd
File: umsb.fd 2013/01/14 v3.01 AMS symbols B
)
LaTeX Font Info:    Try loading font information for U+rsfs on input line 334.

(d:/Program Files/Tex/texlive/2016/texmf-dist/tex/latex/jknapltx/ursfs.fd
File: ursfs.fd 1998/03/24 rsfs font definition file (jk)
)
LaTeX Font Info:    Try loading font information for U+wasy on input line 334.

(d:/Program Files/Tex/texlive/2016/texmf-dist/tex/latex/wasysym/uwasy.fd
File: uwasy.fd 2003/10/30 v2.0 Wasy-2 symbol font definitions
)
LaTeX Font Info:    Try loading font information for OMS+ptm on input line 334.


(d:/Program Files/Tex/texlive/2016/texmf-dist/tex/latex/psnfss/omsptm.fd
File: omsptm.fd 
)
LaTeX Font Info:    Font shape `OMS/ptm/m/n' in size <10> not available
(Font)              Font shape `OMS/cmsy/m/n' tried instead on input line 334.

** WARNING: \thanks is locked out when in conference mode (line 334).
(./abstract.tex) (./Introduction.tex) (./Preliminary.tex [1{d:/Program Files/Te
x/texlive/2016/texmf-var/fonts/map/pdftex/updmap/pdftex.map}


]
Missing character: There is no â in font cmr7!
Missing character: There is no ˆ in font cmr7!
Missing character: There is no — in font cmr7!


LaTeX Font Warning: Command \normalsize invalid in math mode on input line 53.


LaTeX Font Warning: Command \normalsize invalid in math mode on input line 70.


LaTeX Font Warning: Command \normalsize invalid in math mode on input line 83.

Missing character: There is no Î in font cmr10!
Missing character: There is no ” in font cmr10!

LaTeX Font Warning: Command \normalsize invalid in math mode on input line 98.


LaTeX Font Warning: Command \normalsize invalid in math mode on input line 106.



Overfull \hbox (8.17856pt too wide) detected at line 112
[] []
 []

Missing character: There is no Î in font ptmr7t!
Missing character: There is no µ in font ptmr7t!
[2]) (./Approach.tex [3]) (./Rules.tex
LaTeX Font Info:    Font shape `OT1/ptm/bx/n' in size <6.25002> not available
(Font)              Font shape `OT1/ptm/b/n' tried instead on input line 21.
LaTeX Font Info:    Try loading font information for OT1+pcr on input line 49.

(d:/Program Files/Tex/texlive/2016/texmf-dist/tex/latex/psnfss/ot1pcr.fd
File: ot1pcr.fd 2001/06/04 font definitions for OT1/pcr.
)
[4]
Missing character: There is no â in font cmr7!
Missing character: There is no ˆ in font cmr7!
Missing character: There is no — in font cmr7!
Missing character: There is no â in font cmr7!
Missing character: There is no ˆ in font cmr7!
Missing character: There is no — in font cmr7!
Missing character: There is no â in font cmr7!
Missing character: There is no ˆ in font cmr7!
Missing character: There is no — in font cmr7!
Missing character: There is no â in font cmr7!
Missing character: There is no ˆ in font cmr7!
Missing character: There is no — in font cmr7!
Missing character: There is no â in font cmr7!
Missing character: There is no ˆ in font cmr7!
Missing character: There is no — in font cmr7!
Missing character: There is no â in font cmr7!
Missing character: There is no ˆ in font cmr7!
Missing character: There is no — in font cmr7!
Missing character: There is no â in font cmr7!
Missing character: There is no ˆ in font cmr7!
Missing character: There is no — in font cmr7!
 [5]) (./CaseStudy.tex) (./Conclusion.tex) (./reference.tex)

** Conference Paper **
Before submitting the final camera ready copy, remember to:

 1. Manually equalize the lengths of two columns on the last page
 of your paper;

 2. Ensure that any PostScript and/or PDF output post-processing
 uses only Type 1 fonts and that every step in the generation
 process uses the appropriate paper size.

Package atveryend Info: Empty hook `BeforeClearDocument' on input line 380.
[6

]
Package atveryend Info: Empty hook `AfterLastShipout' on input line 380.
 (./main.aux)
Package atveryend Info: Executing hook `AtVeryEndDocument' on input line 380.
Package atveryend Info: Executing hook `AtEndAfterFileList' on input line 380.
Package rerunfilecheck Info: File `main.out' has not changed.
(rerunfilecheck)             Checksum: A2F252D527942C56AF95CFBC8527ECB2;1125.
Package atveryend Info: Empty hook `AtVeryVeryEnd' on input line 380.
 )
(\end occurred inside a group at level 1)

### simple group (level 1) entered at line 1061 ({)
### bottom level 
Here is how much of TeX's memory you used:
 11289 strings out of 493014
 170342 string characters out of 6128714
 290380 words of memory out of 5000000
 14500 multiletter control sequences out of 15000+600000
 57227 words of font info for 134 fonts, out of 8000000 for 9000
 1144 hyphenation exceptions out of 8191
 44i,18n,35p,1043b,6662s stack positions out of 5000i,500n,10000p,200000b,80000s
{d:/Program Files/Tex/texlive/2016/texmf-dist/fonts/enc/dvips/b
ase/8r.enc}<d:/Program Files/Tex/texlive/2016/texmf-dist/fonts/type1/public/ams
fonts/cm/cmmi10.pfb><d:/Program Files/Tex/texlive/2016/texmf-dist/fonts/type1/p
ublic/amsfonts/cm/cmmi6.pfb><d:/Program Files/Tex/texlive/2016/texmf-dist/fonts
/type1/public/amsfonts/cm/cmmi7.pfb><d:/Program Files/Tex/texlive/2016/texmf-di
st/fonts/type1/public/amsfonts/cm/cmmi9.pfb><d:/Program Files/Tex/texlive/2016/
texmf-dist/fonts/type1/public/amsfonts/cm/cmr10.pfb><d:/Program Files/Tex/texli
ve/2016/texmf-dist/fonts/type1/public/amsfonts/cm/cmr7.pfb><d:/Program Files/Te
x/texlive/2016/texmf-dist/fonts/type1/public/amsfonts/cm/cmsy10.pfb><d:/Program
 Files/Tex/texlive/2016/texmf-dist/fonts/type1/public/amsfonts/cm/cmsy5.pfb><d:
/Program Files/Tex/texlive/2016/texmf-dist/fonts/type1/public/amsfonts/cm/cmsy7
.pfb><d:/Program Files/Tex/texlive/2016/texmf-dist/fonts/type1/public/amsfonts/
cm/cmsy8.pfb><d:/Program Files/Tex/texlive/2016/texmf-dist/fonts/type1/public/a
msfonts/cm/cmsy9.pfb><d:/Program Files/Tex/texlive/2016/texmf-dist/fonts/type1/
public/amsfonts/symbols/msam10.pfb><d:/Program Files/Tex/texlive/2016/texmf-dis
t/fonts/type1/urw/courier/ucrr8a.pfb><d:/Program Files/Tex/texlive/2016/texmf-d
ist/fonts/type1/urw/times/utmb8a.pfb><d:/Program Files/Tex/texlive/2016/texmf-d
ist/fonts/type1/urw/times/utmbi8a.pfb><d:/Program Files/Tex/texlive/2016/texmf-
dist/fonts/type1/urw/times/utmr8a.pfb><d:/Program Files/Tex/texlive/2016/texmf-
dist/fonts/type1/urw/times/utmri8a.pfb>
Output written on main.pdf (6 pages, 208289 bytes).
PDF statistics:
 226 PDF objects out of 1000 (max. 8388607)
 199 compressed objects within 2 object streams
 64 named destinations out of 1000 (max. 500000)
 137 words of extra memory for PDF output out of 10000 (max. 10000000)

